<?xml version="1.0" encoding="UTF-8"?>
<testng-results skipped="0" failed="1" ignored="0" total="7" passed="6">
  <reporter-output>
    <line>
      <![CDATA[<br><a title = "screenshots" href=" /Users/thanhthuy/eclipse-workspace/ASSIGNMENT_2_SELENIUM/./screenshots/funixExample6.jpg"><img alt= ' funixExample6.jpg ' src=./screenshots/funixExample6.jpg' height='243' width='418'/> </a><br>]]>
    </line>
    <line>
      <![CDATA[<br><a title = "screenshots" href=" /Users/thanhthuy/eclipse-workspace/ASSIGNMENT_2_SELENIUM/./screenshotsfunixExample6.jpg"><img alt= ' screenshotsfunixExample6.jpg ' src=./screenshotsfunixExample6.jpg' height='243' width='418'/> </a><br>]]>
    </line>
  </reporter-output>
  <suite name="Suite" duration-ms="314270" started-at="2023-06-13T18:01:02 ICT" finished-at="2023-06-13T18:06:17 ICT">
    <groups>
    </groups>
    <test name="Test" duration-ms="314270" started-at="2023-06-13T18:01:02 ICT" finished-at="2023-06-13T18:06:17 ICT">
      <class name="com.automation.testcase.TC_LoginTest">
        <test-method status="PASS" signature="initDriverInstance()[pri:0, instance:com.automation.testcase.TC_LoginTest@133e16fd]" name="initDriverInstance" is-config="true" duration-ms="9016" started-at="2023-06-13T18:01:02 ICT" finished-at="2023-06-13T18:01:11 ICT">
          <reporter-output>
          </reporter-output>
        </test-method> <!-- initDriverInstance -->
        <test-method status="PASS" signature="TC01_LoginFirstAccount(java.lang.String,java.lang.String)[pri:0, instance:com.automation.testcase.TC_LoginTest@133e16fd]" name="TC01_LoginFirstAccount" duration-ms="43583" started-at="2023-06-13T18:01:12 ICT" data-provider="excel" finished-at="2023-06-13T18:01:56 ICT">
          <params>
            <param index="0">
              <value>
                <![CDATA[funixExample1@gmail.com]]>
              </value>
            </param>
            <param index="1">
              <value>
                <![CDATA[Abc@1234]]>
              </value>
            </param>
          </params>
          <reporter-output>
          </reporter-output>
        </test-method> <!-- TC01_LoginFirstAccount -->
        <test-method status="PASS" signature="Screenshot(org.testng.ITestResult)[pri:0, instance:com.automation.testcase.TC_LoginTest@133e16fd]" name="Screenshot" is-config="true" duration-ms="1007" started-at="2023-06-13T18:01:56 ICT" finished-at="2023-06-13T18:01:57 ICT">
          <params>
            <param index="0">
              <value>
                <![CDATA[[TestResult name=TC01_LoginFirstAccount status=SUCCESS method=TC_LoginTest.TC01_LoginFirstAccount(java.lang.String,java.lang.String)[pri:0, instance:com.automation.testcase.TC_LoginTest@133e16fd] output={null}]]]>
              </value>
            </param>
          </params>
          <reporter-output>
          </reporter-output>
        </test-method> <!-- Screenshot -->
        <test-method status="PASS" signature="TC01_LoginFirstAccount(java.lang.String,java.lang.String)[pri:0, instance:com.automation.testcase.TC_LoginTest@133e16fd]" name="TC01_LoginFirstAccount" duration-ms="32794" started-at="2023-06-13T18:01:57 ICT" data-provider="excel" finished-at="2023-06-13T18:02:29 ICT">
          <params>
            <param index="0">
              <value>
                <![CDATA[funixExample2@gmail.com]]>
              </value>
            </param>
            <param index="1">
              <value>
                <![CDATA[Abc@13579]]>
              </value>
            </param>
          </params>
          <reporter-output>
          </reporter-output>
        </test-method> <!-- TC01_LoginFirstAccount -->
        <test-method status="PASS" signature="Screenshot(org.testng.ITestResult)[pri:0, instance:com.automation.testcase.TC_LoginTest@133e16fd]" name="Screenshot" is-config="true" duration-ms="1002" started-at="2023-06-13T18:02:29 ICT" finished-at="2023-06-13T18:02:30 ICT">
          <params>
            <param index="0">
              <value>
                <![CDATA[[TestResult name=TC01_LoginFirstAccount status=SUCCESS method=TC_LoginTest.TC01_LoginFirstAccount(java.lang.String,java.lang.String)[pri:0, instance:com.automation.testcase.TC_LoginTest@133e16fd] output={null}]]]>
              </value>
            </param>
          </params>
          <reporter-output>
          </reporter-output>
        </test-method> <!-- Screenshot -->
        <test-method status="PASS" signature="TC01_LoginFirstAccount(java.lang.String,java.lang.String)[pri:0, instance:com.automation.testcase.TC_LoginTest@133e16fd]" name="TC01_LoginFirstAccount" duration-ms="33681" started-at="2023-06-13T18:02:30 ICT" data-provider="excel" finished-at="2023-06-13T18:03:04 ICT">
          <params>
            <param index="0">
              <value>
                <![CDATA[funixExample3@gmail.com]]>
              </value>
            </param>
            <param index="1">
              <value>
                <![CDATA[Funix1122]]>
              </value>
            </param>
          </params>
          <reporter-output>
          </reporter-output>
        </test-method> <!-- TC01_LoginFirstAccount -->
        <test-method status="PASS" signature="Screenshot(org.testng.ITestResult)[pri:0, instance:com.automation.testcase.TC_LoginTest@133e16fd]" name="Screenshot" is-config="true" duration-ms="1007" started-at="2023-06-13T18:03:04 ICT" finished-at="2023-06-13T18:03:05 ICT">
          <params>
            <param index="0">
              <value>
                <![CDATA[[TestResult name=TC01_LoginFirstAccount status=SUCCESS method=TC_LoginTest.TC01_LoginFirstAccount(java.lang.String,java.lang.String)[pri:0, instance:com.automation.testcase.TC_LoginTest@133e16fd] output={null}]]]>
              </value>
            </param>
          </params>
          <reporter-output>
          </reporter-output>
        </test-method> <!-- Screenshot -->
        <test-method status="PASS" signature="TC01_LoginFirstAccount(java.lang.String,java.lang.String)[pri:0, instance:com.automation.testcase.TC_LoginTest@133e16fd]" name="TC01_LoginFirstAccount" duration-ms="42226" started-at="2023-06-13T18:03:05 ICT" data-provider="excel" finished-at="2023-06-13T18:03:47 ICT">
          <params>
            <param index="0">
              <value>
                <![CDATA[funixExample4@gmail.com]]>
              </value>
            </param>
            <param index="1">
              <value>
                <![CDATA[Funix1234567]]>
              </value>
            </param>
          </params>
          <reporter-output>
          </reporter-output>
        </test-method> <!-- TC01_LoginFirstAccount -->
        <test-method status="PASS" signature="Screenshot(org.testng.ITestResult)[pri:0, instance:com.automation.testcase.TC_LoginTest@133e16fd]" name="Screenshot" is-config="true" duration-ms="1005" started-at="2023-06-13T18:03:47 ICT" finished-at="2023-06-13T18:03:48 ICT">
          <params>
            <param index="0">
              <value>
                <![CDATA[[TestResult name=TC01_LoginFirstAccount status=SUCCESS method=TC_LoginTest.TC01_LoginFirstAccount(java.lang.String,java.lang.String)[pri:0, instance:com.automation.testcase.TC_LoginTest@133e16fd] output={null}]]]>
              </value>
            </param>
          </params>
          <reporter-output>
          </reporter-output>
        </test-method> <!-- Screenshot -->
        <test-method status="PASS" signature="TC01_LoginFirstAccount(java.lang.String,java.lang.String)[pri:0, instance:com.automation.testcase.TC_LoginTest@133e16fd]" name="TC01_LoginFirstAccount" duration-ms="47088" started-at="2023-06-13T18:03:48 ICT" data-provider="excel" finished-at="2023-06-13T18:04:35 ICT">
          <params>
            <param index="0">
              <value>
                <![CDATA[funixExample5@gmail.com]]>
              </value>
            </param>
            <param index="1">
              <value>
                <![CDATA[Admin123]]>
              </value>
            </param>
          </params>
          <reporter-output>
          </reporter-output>
        </test-method> <!-- TC01_LoginFirstAccount -->
        <test-method status="PASS" signature="Screenshot(org.testng.ITestResult)[pri:0, instance:com.automation.testcase.TC_LoginTest@133e16fd]" name="Screenshot" is-config="true" duration-ms="1007" started-at="2023-06-13T18:04:35 ICT" finished-at="2023-06-13T18:04:36 ICT">
          <params>
            <param index="0">
              <value>
                <![CDATA[[TestResult name=TC01_LoginFirstAccount status=SUCCESS method=TC_LoginTest.TC01_LoginFirstAccount(java.lang.String,java.lang.String)[pri:0, instance:com.automation.testcase.TC_LoginTest@133e16fd] output={null}]]]>
              </value>
            </param>
          </params>
          <reporter-output>
          </reporter-output>
        </test-method> <!-- Screenshot -->
        <test-method status="FAIL" signature="TC01_LoginFirstAccount(java.lang.String,java.lang.String)[pri:0, instance:com.automation.testcase.TC_LoginTest@133e16fd]" name="TC01_LoginFirstAccount" duration-ms="50923" started-at="2023-06-13T18:04:36 ICT" data-provider="excel" finished-at="2023-06-13T18:05:27 ICT">
          <params>
            <param index="0">
              <value>
                <![CDATA[funixExample6@gmail.com]]>
              </value>
            </param>
            <param index="1">
              <value>
                <![CDATA[Abc@000]]>
              </value>
            </param>
          </params>
          <exception class="org.openqa.selenium.TimeoutException">
            <message>
              <![CDATA[Expected condition failed: waiting for visibility of element located by By.xpath: //input[@data-qa = 'login-password'] (tried for 30 second(s) with 500 milliseconds interval)]]>
            </message>
            <full-stacktrace>
              <![CDATA[org.openqa.selenium.TimeoutException: Expected condition failed: waiting for visibility of element located by By.xpath: //input[@data-qa = 'login-password'] (tried for 30 second(s) with 500 milliseconds interval)
at org.openqa.selenium.support.ui.WebDriverWait.timeoutException(WebDriverWait.java:95)
at org.openqa.selenium.support.ui.FluentWait.until(FluentWait.java:272)
at com.automation.pom.LoginPage.enterPassword(LoginPage.java:32)
at com.automation.testcase.TC_LoginTest.TC01_LoginFirstAccount(TC_LoginTest.java:53)
at sun.reflect.NativeMethodAccessorImpl.invoke0(Native Method)
at sun.reflect.NativeMethodAccessorImpl.invoke(NativeMethodAccessorImpl.java:62)
at sun.reflect.DelegatingMethodAccessorImpl.invoke(DelegatingMethodAccessorImpl.java:43)
at java.lang.reflect.Method.invoke(Method.java:498)
at org.testng.internal.MethodInvocationHelper.invokeMethod(MethodInvocationHelper.java:133)
at org.testng.internal.TestInvoker.invokeMethod(TestInvoker.java:598)
at org.testng.internal.TestInvoker.invokeTestMethod(TestInvoker.java:173)
at org.testng.internal.MethodRunner.runInSequence(MethodRunner.java:46)
at org.testng.internal.TestInvoker$MethodInvocationAgent.invoke(TestInvoker.java:824)
at org.testng.internal.TestInvoker.invokeTestMethods(TestInvoker.java:146)
at org.testng.internal.TestMethodWorker.invokeTestMethods(TestMethodWorker.java:146)
at org.testng.internal.TestMethodWorker.run(TestMethodWorker.java:128)
at java.util.ArrayList.forEach(ArrayList.java:1259)
at org.testng.TestRunner.privateRun(TestRunner.java:794)
at org.testng.TestRunner.run(TestRunner.java:596)
at org.testng.SuiteRunner.runTest(SuiteRunner.java:377)
at org.testng.SuiteRunner.runSequentially(SuiteRunner.java:371)
at org.testng.SuiteRunner.privateRun(SuiteRunner.java:332)
at org.testng.SuiteRunner.run(SuiteRunner.java:276)
at org.testng.SuiteRunnerWorker.runSuite(SuiteRunnerWorker.java:53)
at org.testng.SuiteRunnerWorker.run(SuiteRunnerWorker.java:96)
at org.testng.TestNG.runSuitesSequentially(TestNG.java:1212)
at org.testng.TestNG.runSuitesLocally(TestNG.java:1134)
at org.testng.TestNG.runSuites(TestNG.java:1063)
at org.testng.TestNG.run(TestNG.java:1031)
at org.testng.remote.AbstractRemoteTestNG.run(AbstractRemoteTestNG.java:115)
at org.testng.remote.RemoteTestNG.initAndRun(RemoteTestNG.java:251)
at org.testng.remote.RemoteTestNG.main(RemoteTestNG.java:77)
Caused by: org.openqa.selenium.NoSuchElementException: no such element: Unable to locate element: {"method":"xpath","selector":"//input[@data-qa = 'login-password']"}
  (Session info: chrome=114.0.5735.106)
For documentation on this error, please visit: https://www.seleniumhq.org/exceptions/no_such_element.html
Build info: version: '3.141.59', revision: 'e82be7d358', time: '2018-11-14T08:17:03'
System info: host: 'Thanhs-MacBook-Air.local', ip: 'fe80:0:0:0:1cba:e903:2e05:3b0f%en0', os.name: 'Mac OS X', os.arch: 'x86_64', os.version: '13.0', java.version: '1.8.0_371'
Driver info: org.openqa.selenium.chrome.ChromeDriver
Capabilities {acceptInsecureCerts: false, browserName: chrome, browserVersion: 114.0.5735.106, chrome: {chromedriverVersion: 114.0.5735.90 (386bc09e8f4f..., userDataDir: /var/folders/m2/2prpkd4d341...}, goog:chromeOptions: {debuggerAddress: localhost:63232}, javascriptEnabled: true, networkConnectionEnabled: false, pageLoadStrategy: normal, platform: MAC, platformName: MAC, proxy: Proxy(), setWindowRect: true, strictFileInteractability: false, timeouts: {implicit: 0, pageLoad: 300000, script: 30000}, unhandledPromptBehavior: dismiss and notify, webauthn:extension:credBlob: true, webauthn:extension:largeBlob: true, webauthn:extension:minPinLength: true, webauthn:extension:prf: true, webauthn:virtualAuthenticators: true}
Session ID: e8af607f14731c44c7584cf2a28158db
*** Element info: {Using=xpath, value=//input[@data-qa = 'login-password']}
at sun.reflect.GeneratedConstructorAccessor21.newInstance(Unknown Source)
at sun.reflect.DelegatingConstructorAccessorImpl.newInstance(DelegatingConstructorAccessorImpl.java:45)
at java.lang.reflect.Constructor.newInstance(Constructor.java:423)
at org.openqa.selenium.remote.http.W3CHttpResponseCodec.createException(W3CHttpResponseCodec.java:187)
at org.openqa.selenium.remote.http.W3CHttpResponseCodec.decode(W3CHttpResponseCodec.java:122)
at org.openqa.selenium.remote.http.W3CHttpResponseCodec.decode(W3CHttpResponseCodec.java:49)
at org.openqa.selenium.remote.HttpCommandExecutor.execute(HttpCommandExecutor.java:158)
at org.openqa.selenium.remote.service.DriverCommandExecutor.execute(DriverCommandExecutor.java:83)
at org.openqa.selenium.remote.RemoteWebDriver.execute(RemoteWebDriver.java:552)
at org.openqa.selenium.remote.RemoteWebDriver.findElement(RemoteWebDriver.java:323)
at org.openqa.selenium.remote.RemoteWebDriver.findElementByXPath(RemoteWebDriver.java:428)
at org.openqa.selenium.By$ByXPath.findElement(By.java:353)
at org.openqa.selenium.remote.RemoteWebDriver.findElement(RemoteWebDriver.java:315)
at org.openqa.selenium.support.ui.ExpectedConditions$7.apply(ExpectedConditions.java:205)
at org.openqa.selenium.support.ui.ExpectedConditions$7.apply(ExpectedConditions.java:201)
at org.openqa.selenium.support.ui.FluentWait.until(FluentWait.java:249)
... 30 more
]]>
            </full-stacktrace>
          </exception> <!-- org.openqa.selenium.TimeoutException -->
          <reporter-output>
          </reporter-output>
        </test-method> <!-- TC01_LoginFirstAccount -->
        <test-method status="PASS" signature="Screenshot(org.testng.ITestResult)[pri:0, instance:com.automation.testcase.TC_LoginTest@133e16fd]" name="Screenshot" is-config="true" duration-ms="4335" started-at="2023-06-13T18:05:27 ICT" finished-at="2023-06-13T18:05:32 ICT">
          <params>
            <param index="0">
              <value>
                <![CDATA[[TestResult name=TC01_LoginFirstAccount status=FAILURE method=TC_LoginTest.TC01_LoginFirstAccount(java.lang.String,java.lang.String)[pri:0, instance:com.automation.testcase.TC_LoginTest@133e16fd] output={null}]]]>
              </value>
            </param>
          </params>
          <reporter-output>
            <line>
              <![CDATA[<br><a title = "screenshots" href=" /Users/thanhthuy/eclipse-workspace/ASSIGNMENT_2_SELENIUM/./screenshots/funixExample6.jpg"><img alt= ' funixExample6.jpg ' src=./screenshots/funixExample6.jpg' height='243' width='418'/> </a><br>]]>
            </line>
            <line>
              <![CDATA[<br><a title = "screenshots" href=" /Users/thanhthuy/eclipse-workspace/ASSIGNMENT_2_SELENIUM/./screenshotsfunixExample6.jpg"><img alt= ' screenshotsfunixExample6.jpg ' src=./screenshotsfunixExample6.jpg' height='243' width='418'/> </a><br>]]>
            </line>
          </reporter-output>
        </test-method> <!-- Screenshot -->
        <test-method status="PASS" signature="TC01_LoginFirstAccount(java.lang.String,java.lang.String)[pri:0, instance:com.automation.testcase.TC_LoginTest@133e16fd]" name="TC01_LoginFirstAccount" duration-ms="43571" started-at="2023-06-13T18:05:32 ICT" data-provider="excel" finished-at="2023-06-13T18:06:15 ICT">
          <params>
            <param index="0">
              <value>
                <![CDATA[funixExample7@gmail.com]]>
              </value>
            </param>
            <param index="1">
              <value>
                <![CDATA[Abc@111]]>
              </value>
            </param>
          </params>
          <reporter-output>
          </reporter-output>
        </test-method> <!-- TC01_LoginFirstAccount -->
        <test-method status="PASS" signature="Screenshot(org.testng.ITestResult)[pri:0, instance:com.automation.testcase.TC_LoginTest@133e16fd]" name="Screenshot" is-config="true" duration-ms="1008" started-at="2023-06-13T18:06:15 ICT" finished-at="2023-06-13T18:06:16 ICT">
          <params>
            <param index="0">
              <value>
                <![CDATA[[TestResult name=TC01_LoginFirstAccount status=SUCCESS method=TC_LoginTest.TC01_LoginFirstAccount(java.lang.String,java.lang.String)[pri:0, instance:com.automation.testcase.TC_LoginTest@133e16fd] output={null}]]]>
              </value>
            </param>
          </params>
          <reporter-output>
          </reporter-output>
        </test-method> <!-- Screenshot -->
        <test-method status="PASS" signature="closeDriverInstance()[pri:0, instance:com.automation.testcase.TC_LoginTest@133e16fd]" name="closeDriverInstance" is-config="true" duration-ms="241" started-at="2023-06-13T18:06:16 ICT" finished-at="2023-06-13T18:06:16 ICT">
          <reporter-output>
          </reporter-output>
        </test-method> <!-- closeDriverInstance -->
      </class> <!-- com.automation.testcase.TC_LoginTest -->
    </test> <!-- Test -->
  </suite> <!-- Suite -->
</testng-results>
